"../../../Engine/Content/Functions/Engine_MaterialFunctions01/Shading/PowerToRoughness.uasset" 0
"../../../Engine/Content/Functions/Engine_MaterialFunctions01/Shading/PowerToRoughness.uexp" 1
"../../../Engine/Content/Functions/Engine_MaterialFunctions01/Shading/ConvertFromDiffSpec.uasset" 2
"../../../Engine/Content/Functions/Engine_MaterialFunctions01/Shading/ConvertFromDiffSpec.uexp" 3
"../../../Engine/Content/EngineSounds/Master.uasset" 4
"../../../Engine/Content/EngineSounds/Master.uexp" 5
"../../../Engine/Content/EngineSky/VolumetricClouds/CloudWeatherTexture.uasset" 6
"../../../Engine/Content/EngineSky/VolumetricClouds/CloudWeatherTexture.uexp" 7
"../../../Engine/Content/Functions/Engine_MaterialFunctions02/Utility/MakeFloat2.uasset" 8
"../../../Engine/Content/Functions/Engine_MaterialFunctions02/Utility/MakeFloat2.uexp" 9
"../../../Engine/Content/EngineSky/VolumetricClouds/CloudGradientTexture.uasset" 10
"../../../Engine/Content/EngineSky/VolumetricClouds/CloudGradientTexture.uexp" 11
"../../../Engine/Content/EngineSky/VolumetricClouds/T_NoiseShape64.ubulk" 12
"../../../Engine/Content/EngineSky/VolumetricClouds/T_NoiseShape64.uasset" 13
"../../../Engine/Content/EngineSky/VolumetricClouds/T_NoiseShape64.uexp" 14
"../../../Engine/Content/EngineSky/VolumetricClouds/T_VolumeNoiseShape64.uasset" 15
"../../../Engine/Content/EngineSky/VolumetricClouds/T_VolumeNoiseShape64.uexp" 16
"../../../Engine/Content/EngineSky/VolumetricClouds/T_NoiseErosion.ubulk" 17
"../../../Engine/Content/EngineSky/VolumetricClouds/T_NoiseErosion.uasset" 18
"../../../Engine/Content/EngineSky/VolumetricClouds/T_NoiseErosion.uexp" 19
"../../../Engine/Content/EngineSky/VolumetricClouds/T_VolumeNoiseErosion32.uasset" 20
"../../../Engine/Content/EngineSky/VolumetricClouds/T_VolumeNoiseErosion32.uexp" 21
"../../../Engine/Content/EngineSky/VolumetricClouds/m_SimpleVolumetricCloud.uasset" 22
"../../../Engine/Content/EngineSky/VolumetricClouds/m_SimpleVolumetricCloud.uexp" 23
"../../../Engine/Content/EngineSky/VolumetricClouds/m_SimpleVolumetricCloud_Inst.uasset" 24
"../../../Engine/Content/EngineSky/VolumetricClouds/m_SimpleVolumetricCloud_Inst.uexp" 25
"../../../Engine/Content/EngineResources/GradientTexture0.uasset" 26
"../../../Engine/Content/EngineResources/GradientTexture0.uexp" 27
"../../../Engine/Content/EngineResources/DefaultVolumeTexture2D.uasset" 28
"../../../Engine/Content/EngineResources/DefaultVolumeTexture2D.uexp" 29
"../../../Engine/Content/EngineResources/DefaultVolumeTexture.uasset" 30
"../../../Engine/Content/EngineResources/DefaultVolumeTexture.uexp" 31
"../../../Engine/Content/EngineResources/DefaultTextureCube.uasset" 32
"../../../Engine/Content/EngineResources/DefaultTextureCube.uexp" 33
"../../../Engine/Content/EngineResources/DefaultTexture.ubulk" 34
"../../../Engine/Content/EngineResources/DefaultTexture.uasset" 35
"../../../Engine/Content/EngineResources/DefaultTexture.uexp" 36
"../../../Engine/Content/EngineResources/Black.uasset" 37
"../../../Engine/Content/EngineResources/Black.uexp" 38
"../../../Engine/Content/EngineResources/FilmGrains/Marcie_Grain_v3_128_M2_000.uasset" 39
"../../../Engine/Content/EngineResources/FilmGrains/Marcie_Grain_v3_128_M2_000.uexp" 40
"../../../Engine/Content/EngineMeshes/Sphere.ubulk" 41
"../../../Engine/Content/EngineMeshes/Sphere.uasset" 42
"../../../Engine/Content/EngineMeshes/Sphere.uexp" 43
"../../../Engine/Content/EngineResources/WhiteSquareTexture.uasset" 44
"../../../Engine/Content/EngineResources/WhiteSquareTexture.uexp" 45
"../../../Engine/Content/EngineMaterials/Widget3DPassThrough.uasset" 46
"../../../Engine/Content/EngineMaterials/Widget3DPassThrough.uexp" 47
"../../../Engine/Content/EngineMaterials/Widget3DPassThrough_Translucent.uasset" 48
"../../../Engine/Content/EngineMaterials/Widget3DPassThrough_Translucent.uexp" 49
"../../../Engine/Content/EngineMaterials/Widget3DPassThrough_Translucent_OneSided.uasset" 50
"../../../Engine/Content/EngineMaterials/Widget3DPassThrough_Translucent_OneSided.uexp" 51
"../../../Engine/Content/EngineMaterials/Widget3DPassThrough_Opaque.uasset" 52
"../../../Engine/Content/EngineMaterials/Widget3DPassThrough_Opaque.uexp" 53
"../../../Engine/Content/EngineMaterials/Widget3DPassThrough_Opaque_OneSided.uasset" 54
"../../../Engine/Content/EngineMaterials/Widget3DPassThrough_Opaque_OneSided.uexp" 55
"../../../Engine/Content/EngineMaterials/Widget3DPassThrough_Masked_OneSided.uasset" 56
"../../../Engine/Content/EngineMaterials/Widget3DPassThrough_Masked_OneSided.uexp" 57
"../../../Engine/Content/EngineMaterials/Widget3DPassThrough_Masked.uasset" 58
"../../../Engine/Content/EngineMaterials/Widget3DPassThrough_Masked.uexp" 59
"../../../Engine/Content/EngineMaterials/WeightMapPlaceholderTexture.uasset" 60
"../../../Engine/Content/EngineMaterials/WeightMapPlaceholderTexture.uexp" 61
"../../../Engine/Content/EngineMaterials/RemoveSurfaceMaterial.uasset" 62
"../../../Engine/Content/EngineMaterials/RemoveSurfaceMaterial.uexp" 63
"../../../Engine/Content/EngineMaterials/PreintegratedSkinBRDF.uasset" 64
"../../../Engine/Content/EngineMaterials/PreintegratedSkinBRDF.uexp" 65
"../../../Engine/Content/EngineMaterials/DefaultCalibrationGrayscale.uasset" 66
"../../../Engine/Content/EngineMaterials/DefaultCalibrationGrayscale.uexp" 67
"../../../Engine/Content/EngineMaterials/PPM_DefaultCalibrationGrayscale.uasset" 68
"../../../Engine/Content/EngineMaterials/PPM_DefaultCalibrationGrayscale.uexp" 69
"../../../Engine/Content/EngineMaterials/DefaultCalibrationColor.uasset" 70
"../../../Engine/Content/EngineMaterials/DefaultCalibrationColor.uexp" 71
"../../../Engine/Content/EngineMaterials/PPM_DefaultCalibrationColor.uasset" 72
"../../../Engine/Content/EngineMaterials/PPM_DefaultCalibrationColor.uexp" 73
"../../../Engine/Content/Functions/Engine_MaterialFunctions02/WorldPositionOffset/CameraOffset.uasset" 74
"../../../Engine/Content/Functions/Engine_MaterialFunctions02/WorldPositionOffset/CameraOffset.uexp" 75
"../../../Engine/Content/EngineMaterials/PhAT_JointLimitMaterial.uasset" 76
"../../../Engine/Content/EngineMaterials/PhAT_JointLimitMaterial.uexp" 77
"../../../Engine/Content/EngineMaterials/InvalidLightmapSettings.ubulk" 78
"../../../Engine/Content/EngineMaterials/InvalidLightmapSettings.uasset" 79
"../../../Engine/Content/EngineMaterials/InvalidLightmapSettings.uexp" 80
"../../../Engine/Content/EngineMaterials/M_InvalidLightmapSettings.uasset" 81
"../../../Engine/Content/EngineMaterials/M_InvalidLightmapSettings.uexp" 82
"../../../Engine/Content/EngineMaterials/MiniFont.uasset" 83
"../../../Engine/Content/EngineMaterials/MiniFont.uexp" 84
"../../../Engine/Content/EngineMaterials/Good64x64TilingNoiseHighFreq.uasset" 85
"../../../Engine/Content/EngineMaterials/Good64x64TilingNoiseHighFreq.uexp" 86
"../../../Engine/Content/EngineMaterials/GizmoMaterial.uasset" 87
"../../../Engine/Content/EngineMaterials/GizmoMaterial.uexp" 88
"../../../Engine/Content/EngineMaterials/BaseFlattenEmissiveMap_VT.uasset" 89
"../../../Engine/Content/EngineMaterials/BaseFlattenEmissiveMap_VT.uexp" 90
"../../../Engine/Content/EngineMaterials/BaseFlattenGrayscaleMap_VT.uasset" 91
"../../../Engine/Content/EngineMaterials/BaseFlattenGrayscaleMap_VT.uexp" 92
"../../../Engine/Content/EngineMaterials/BaseFlattenLinearColor_VT.uasset" 93
"../../../Engine/Content/EngineMaterials/BaseFlattenLinearColor_VT.uexp" 94
"../../../Engine/Content/EngineMaterials/Black_1x1_EXR_Texture_VT.uasset" 95
"../../../Engine/Content/EngineMaterials/Black_1x1_EXR_Texture_VT.uexp" 96
"../../../Engine/Content/EngineMaterials/BaseFlattenDiffuseMap_VT.uasset" 97
"../../../Engine/Content/EngineMaterials/BaseFlattenDiffuseMap_VT.uexp" 98
"../../../Engine/Content/EngineMaterials/BaseFlattenNormalMap_VT.uasset" 99
"../../../Engine/Content/EngineMaterials/BaseFlattenNormalMap_VT.uexp" 100
"../../../Engine/Content/EngineMaterials/FlattenMaterial_WS_Normal_VT.uasset" 101
"../../../Engine/Content/EngineMaterials/FlattenMaterial_WS_Normal_VT.uexp" 102
"../../../Engine/Content/EngineMaterials/FlattenMaterial_VT.uasset" 103
"../../../Engine/Content/EngineMaterials/FlattenMaterial_VT.uexp" 104
"../../../Engine/Content/EngineMaterials/BaseFlattenNormalMap.uasset" 105
"../../../Engine/Content/EngineMaterials/BaseFlattenNormalMap.uexp" 106
"../../../Engine/Content/EngineMaterials/BaseFlattenGrayscaleMap.uasset" 107
"../../../Engine/Content/EngineMaterials/BaseFlattenGrayscaleMap.uexp" 108
"../../../Engine/Content/EngineMaterials/BaseFlattenDiffuseMap.uasset" 109
"../../../Engine/Content/EngineMaterials/BaseFlattenDiffuseMap.uexp" 110
"../../../Engine/Content/Functions/Engine_MaterialFunctions02/PivotPainter2/Black_1x1_EXR_Texture.uasset" 111
"../../../Engine/Content/Functions/Engine_MaterialFunctions02/PivotPainter2/Black_1x1_EXR_Texture.uexp" 112
"../../../Engine/Content/EngineMaterials/BaseFlattenEmissiveMap.uasset" 113
"../../../Engine/Content/EngineMaterials/BaseFlattenEmissiveMap.uexp" 114
"../../../Engine/Content/EngineMaterials/BaseFlattenLinearColor.uasset" 115
"../../../Engine/Content/EngineMaterials/BaseFlattenLinearColor.uexp" 116
"../../../Engine/Content/EngineMaterials/FlattenMaterial.uasset" 117
"../../../Engine/Content/EngineMaterials/FlattenMaterial.uexp" 118
"../../../Engine/Content/EngineMaterials/DefaultWhiteGrid_Low.uasset" 119
"../../../Engine/Content/EngineMaterials/DefaultWhiteGrid_Low.uexp" 120
"../../../Engine/Content/EngineMaterials/EmissiveMeshMaterial.uasset" 121
"../../../Engine/Content/EngineMaterials/EmissiveMeshMaterial.uexp" 122
"../../../Engine/Content/EngineMaterials/DefaultWhiteGrid.ubulk" 123
"../../../Engine/Content/EngineMaterials/DefaultWhiteGrid.uasset" 124
"../../../Engine/Content/EngineMaterials/DefaultWhiteGrid.uexp" 125
"../../../Engine/Content/EngineFonts/RobotoDistanceField.uasset" 126
"../../../Engine/Content/EngineFonts/RobotoDistanceField.uexp" 127
"../../../Engine/Content/EngineMaterials/DefaultTextMaterialOpaque.uasset" 128
"../../../Engine/Content/EngineMaterials/DefaultTextMaterialOpaque.uexp" 129
"../../../Engine/Content/EngineMaterials/DefaultDiffuse.ubulk" 130
"../../../Engine/Content/EngineMaterials/DefaultDiffuse.uasset" 131
"../../../Engine/Content/EngineMaterials/DefaultDiffuse.uexp" 132
"../../../Engine/Content/Functions/Engine_MaterialFunctions02/Utility/BreakOutFloat2Components.uasset" 133
"../../../Engine/Content/Functions/Engine_MaterialFunctions02/Utility/BreakOutFloat2Components.uexp" 134
"../../../Engine/Content/EngineMaterials/DefaultPostProcessMaterial.uasset" 135
"../../../Engine/Content/EngineMaterials/DefaultPostProcessMaterial.uexp" 136
"../../../Engine/Content/EngineMaterials/DefaultPhysicalMaterial.uasset" 137
"../../../Engine/Content/EngineMaterials/DefaultPhysicalMaterial.uexp" 138
"../../../Engine/Content/EngineMaterials/DefaultLightFunctionMaterial.uasset" 139
"../../../Engine/Content/EngineMaterials/DefaultLightFunctionMaterial.uexp" 140
"../../../Engine/Content/EngineMaterials/DefaultDestructiblePhysicalMaterial.uasset" 141
"../../../Engine/Content/EngineMaterials/DefaultDestructiblePhysicalMaterial.uexp" 142
"../../../Engine/Content/EngineMaterials/DefaultDeferredDecalMaterial.uasset" 143
"../../../Engine/Content/EngineMaterials/DefaultDeferredDecalMaterial.uexp" 144
"../../../Engine/Content/EngineMaterials/DefaultBokeh.uasset" 145
"../../../Engine/Content/EngineMaterials/DefaultBokeh.uexp" 146
"../../../Engine/Content/EngineMaterials/DefaultBloomKernel.uasset" 147
"../../../Engine/Content/EngineMaterials/DefaultBloomKernel.uexp" 148
"../../../Engine/Content/EngineMaterials/BlueNoise.uasset" 149
"../../../Engine/Content/EngineMaterials/BlueNoise.uexp" 150
"../../../Engine/Content/EngineFonts/Faces/RobotoLight.uexp" 151
"../../../Engine/Content/EngineFonts/Faces/RobotoLight.uasset" 152
"../../../Engine/Content/EngineFonts/Faces/RobotoLight.ufont" 153
"../../../Engine/Content/EngineFonts/Faces/RobotoBold.uexp" 154
"../../../Engine/Content/EngineFonts/Faces/RobotoBold.uasset" 155
"../../../Engine/Content/EngineFonts/Faces/RobotoBold.ufont" 156
"../../../Engine/Content/EngineFonts/Faces/RobotoRegular.uexp" 157
"../../../Engine/Content/EngineFonts/Faces/RobotoRegular.uasset" 158
"../../../Engine/Content/EngineFonts/Faces/RobotoRegular.ufont" 159
"../../../Engine/Content/EngineFonts/Faces/DroidSansFallback.uexp" 160
"../../../Engine/Content/EngineFonts/Faces/DroidSansFallback.uasset" 161
"../../../Engine/Content/EngineFonts/Faces/DroidSansFallback.ufont" 162
"../../../Engine/Content/EngineFonts/Faces/RobotoItalic.uexp" 163
"../../../Engine/Content/EngineFonts/Faces/RobotoItalic.uasset" 164
"../../../Engine/Content/EngineFonts/Faces/RobotoItalic.ufont" 165
"../../../Engine/Content/EngineFonts/Faces/RobotoBoldItalic.uexp" 166
"../../../Engine/Content/EngineFonts/Faces/RobotoBoldItalic.uasset" 167
"../../../Engine/Content/EngineFonts/Faces/RobotoBoldItalic.ufont" 168
"../../../Engine/Content/EngineFonts/Roboto.uasset" 169
"../../../Engine/Content/EngineFonts/Roboto.uexp" 170
"../../../Engine/Content/Functions/Engine_MaterialFunctions02/Utility/CameraDirectionVector.uasset" 171
"../../../Engine/Content/Functions/Engine_MaterialFunctions02/Utility/CameraDirectionVector.uexp" 172
"../../../Engine/Content/EngineDebugMaterials/VolumeToRender.uasset" 173
"../../../Engine/Content/EngineDebugMaterials/VolumeToRender.uexp" 174
"../../../Engine/Content/EngineDebugMaterials/M_VolumeRenderSphereTracePP.uasset" 175
"../../../Engine/Content/EngineDebugMaterials/M_VolumeRenderSphereTracePP.uexp" 176
"../../../Engine/Content/EngineDebugMaterials/M_SimpleUnlitTranslucent.uasset" 177
"../../../Engine/Content/EngineDebugMaterials/M_SimpleUnlitTranslucent.uexp" 178
"../../../Engine/Content/EngineDebugMaterials/DebugMeshMaterial.uasset" 179
"../../../Engine/Content/EngineDebugMaterials/DebugMeshMaterial.uexp" 180
"../../../Engine/Content/EngineDebugMaterials/DebugEditorMaterial.uasset" 181
"../../../Engine/Content/EngineDebugMaterials/DebugEditorMaterial.uexp" 182
"../../../Engine/Content/EngineDamageTypes/DmgTypeBP_Environmental.uasset" 183
"../../../Engine/Content/EngineDamageTypes/DmgTypeBP_Environmental.uexp" 184
"../../../Engine/Content/EditorResources/S_TriggerSphere.uasset" 185
"../../../Engine/Content/EditorResources/S_TriggerSphere.uexp" 186
"../../../Engine/Content/EditorResources/S_TriggerCapsule.uasset" 187
"../../../Engine/Content/EditorResources/S_TriggerCapsule.uexp" 188
"../../../Engine/Content/EditorResources/S_TriggerBox.uasset" 189
"../../../Engine/Content/EditorResources/S_TriggerBox.uexp" 190
"../../../Engine/Content/EditorResources/S_Trigger.ubulk" 191
"../../../Engine/Content/EditorResources/S_Trigger.uasset" 192
"../../../Engine/Content/EditorResources/S_Trigger.uexp" 193
"../../../Engine/Content/EditorResources/S_Terrain.ubulk" 194
"../../../Engine/Content/EditorResources/S_Terrain.uasset" 195
"../../../Engine/Content/EditorResources/S_Terrain.uexp" 196
"../../../Engine/Content/EditorResources/S_Solver.ubulk" 197
"../../../Engine/Content/EditorResources/S_Solver.uasset" 198
"../../../Engine/Content/EditorResources/S_Solver.uexp" 199
"../../../Engine/Content/EditorResources/S_BoxReflectionCapture.uasset" 200
"../../../Engine/Content/EditorResources/S_BoxReflectionCapture.uexp" 201
"../../../Engine/Content/EditorResources/S_Actor.ubulk" 202
"../../../Engine/Content/EditorResources/S_Actor.uasset" 203
"../../../Engine/Content/EditorResources/S_Actor.uexp" 204
"../../../Engine/Content/EditorResources/EmptyActor.uasset" 205
"../../../Engine/Content/EditorResources/EmptyActor.uexp" 206
"../../../Engine/Content/EditorResources/BSPVertex.uasset" 207
"../../../Engine/Content/EditorResources/BSPVertex.uexp" 208
"../../../Engine/Content/EditorResources/SequenceRecorder/RecordingIndicator.uasset" 209
"../../../Engine/Content/EditorResources/SequenceRecorder/RecordingIndicator.uexp" 210
"../../../Engine/Content/EditorResources/SequenceRecorder/Countdown.uasset" 211
"../../../Engine/Content/EditorResources/SequenceRecorder/Countdown.uexp" 212
"../../../Engine/Content/EditorResources/LightIcons/S_LightError.uasset" 213
"../../../Engine/Content/EditorResources/LightIcons/S_LightError.uexp" 214
"../../../Engine/Content/EditorResources/AudioIcons/S_AudioComponent_AutoActivate.uasset" 215
"../../../Engine/Content/EditorResources/AudioIcons/S_AudioComponent_AutoActivate.uexp" 216
"../../../Engine/Content/EditorMaterials/Camera/CineMat.uasset" 217
"../../../Engine/Content/EditorMaterials/Camera/CineMat.uexp" 218
"../../../Engine/Content/EditorMaterials/Camera/MI_CineMat_Rig.uasset" 219
"../../../Engine/Content/EditorMaterials/Camera/MI_CineMat_Rig.uexp" 220
"../../../Engine/Content/EditorMeshes/Camera/SM_RailRig_Track.ubulk" 221
"../../../Engine/Content/EditorMeshes/Camera/SM_RailRig_Track.uasset" 222
"../../../Engine/Content/EditorMeshes/Camera/SM_RailRig_Track.uexp" 223
"../../../Engine/Content/EditorMeshes/Camera/SM_RailRig_Mount.ubulk" 224
"../../../Engine/Content/EditorMeshes/Camera/SM_RailRig_Mount.uasset" 225
"../../../Engine/Content/EditorMeshes/Camera/SM_RailRig_Mount.uexp" 226
"../../../Engine/Content/EditorMeshes/Camera/SM_CraneRig_Mount.ubulk" 227
"../../../Engine/Content/EditorMeshes/Camera/SM_CraneRig_Mount.uasset" 228
"../../../Engine/Content/EditorMeshes/Camera/SM_CraneRig_Mount.uexp" 229
"../../../Engine/Content/EditorMeshes/Camera/SM_CraneRig_Body.ubulk" 230
"../../../Engine/Content/EditorMeshes/Camera/SM_CraneRig_Body.uasset" 231
"../../../Engine/Content/EditorMeshes/Camera/SM_CraneRig_Body.uexp" 232
"../../../Engine/Content/EditorMeshes/Camera/SM_CraneRig_Base.ubulk" 233
"../../../Engine/Content/EditorMeshes/Camera/SM_CraneRig_Base.uasset" 234
"../../../Engine/Content/EditorMeshes/Camera/SM_CraneRig_Base.uexp" 235
"../../../Engine/Content/EditorMeshes/Camera/SM_CraneRig_Arm.ubulk" 236
"../../../Engine/Content/EditorMeshes/Camera/SM_CraneRig_Arm.uasset" 237
"../../../Engine/Content/EditorMeshes/Camera/SM_CraneRig_Arm.uexp" 238
"../../../Engine/Content/EditorMaterials/PreviewShadowIndicator.ubulk" 239
"../../../Engine/Content/EditorMaterials/PreviewShadowIndicator.uasset" 240
"../../../Engine/Content/EditorMaterials/PreviewShadowIndicator.uexp" 241
"../../../Engine/Content/EditorMaterials/PreviewShadowIndicatorMaterial.uasset" 242
"../../../Engine/Content/EditorMaterials/PreviewShadowIndicatorMaterial.uexp" 243
"../../../Engine/Content/EditorMaterials/MAT_Groups_Visibility.uasset" 244
"../../../Engine/Content/EditorMaterials/MAT_Groups_Visibility.uexp" 245
"../../../Engine/Content/EditorMaterials/MAT_Groups_Toggle.uasset" 246
"../../../Engine/Content/EditorMaterials/MAT_Groups_Toggle.uexp" 247
"../../../Engine/Content/Functions/Engine_MaterialFunctions02/Utility/MakeFloat4.uasset" 248
"../../../Engine/Content/Functions/Engine_MaterialFunctions02/Utility/MakeFloat4.uexp" 249
"../../../Engine/Content/Functions/Engine_MaterialFunctions02/Utility/MakeFloat3.uasset" 250
"../../../Engine/Content/Functions/Engine_MaterialFunctions02/Utility/MakeFloat3.uexp" 251
"../../../Engine/Content/Functions/Engine_MaterialFunctions02/Utility/BreakOutFloat3Components.uasset" 252
"../../../Engine/Content/Functions/Engine_MaterialFunctions02/Utility/BreakOutFloat3Components.uexp" 253
"../../../Engine/Content/EditorMaterials/WorldPartition/WorldPartitionSpatialHashGridPreviewMaterial.uasset" 254
"../../../Engine/Content/EditorMaterials/WorldPartition/WorldPartitionSpatialHashGridPreviewMaterial.uexp" 255
"../../../Engine/Content/EditorMaterials/ParticleSystems/PSysThumbnail_OOD.ubulk" 256
"../../../Engine/Content/EditorMaterials/ParticleSystems/PSysThumbnail_OOD.uasset" 257
"../../../Engine/Content/EditorMaterials/ParticleSystems/PSysThumbnail_OOD.uexp" 258
"../../../Engine/Content/EditorMaterials/ParticleSystems/PSysThumbnail_NoImage.ubulk" 259
"../../../Engine/Content/EditorMaterials/ParticleSystems/PSysThumbnail_NoImage.uasset" 260
"../../../Engine/Content/EditorMaterials/ParticleSystems/PSysThumbnail_NoImage.uexp" 261
"../../../Engine/Content/EditorMaterials/MatineeGroups/MAT_Groups_Vector.uasset" 262
"../../../Engine/Content/EditorMaterials/MatineeGroups/MAT_Groups_Vector.uexp" 263
"../../../Engine/Content/EditorMaterials/MatineeGroups/MAT_Groups_Sound.uasset" 264
"../../../Engine/Content/EditorMaterials/MatineeGroups/MAT_Groups_Sound.uexp" 265
"../../../Engine/Content/EditorMaterials/MatineeGroups/MAT_Groups_Slomo.uasset" 266
"../../../Engine/Content/EditorMaterials/MatineeGroups/MAT_Groups_Slomo.uexp" 267
"../../../Engine/Content/EditorMaterials/MatineeGroups/MAT_Groups_Move.uasset" 268
"../../../Engine/Content/EditorMaterials/MatineeGroups/MAT_Groups_Move.uexp" 269
"../../../Engine/Content/EditorMaterials/MatineeGroups/MAT_Groups_Float.uasset" 270
"../../../Engine/Content/EditorMaterials/MatineeGroups/MAT_Groups_Float.uexp" 271
"../../../Engine/Content/EditorMaterials/MatineeGroups/MAT_Groups_Fade.uasset" 272
"../../../Engine/Content/EditorMaterials/MatineeGroups/MAT_Groups_Fade.uexp" 273
"../../../Engine/Content/EditorMaterials/MatineeGroups/MAT_Groups_Event.uasset" 274
"../../../Engine/Content/EditorMaterials/MatineeGroups/MAT_Groups_Event.uexp" 275
"../../../Engine/Content/EditorMaterials/MatineeGroups/MAT_Groups_Director.uasset" 276
"../../../Engine/Content/EditorMaterials/MatineeGroups/MAT_Groups_Director.uexp" 277
"../../../Engine/Content/EditorMaterials/MatineeGroups/MAT_Groups_AudioMaster.uasset" 278
"../../../Engine/Content/EditorMaterials/MatineeGroups/MAT_Groups_AudioMaster.uexp" 279
"../../../Engine/Content/EditorMaterials/MatineeGroups/MAT_Groups_Anim.uasset" 280
"../../../Engine/Content/EditorMaterials/MatineeGroups/MAT_Groups_Anim.uexp" 281
"../../../Engine/Content/EditorMaterials/MatineeGroups/MAT_ColorTrack.uasset" 282
"../../../Engine/Content/EditorMaterials/MatineeGroups/MAT_ColorTrack.uexp" 283
"../../../Engine/Content/EditorLandscapeResources/DefaultAlphaTexture.uasset" 284
"../../../Engine/Content/EditorLandscapeResources/DefaultAlphaTexture.uexp" 285
"../../../Engine/Content/EditorLandscapeResources/DataLayer.uasset" 286
"../../../Engine/Content/EditorLandscapeResources/DataLayer.uexp" 287
"../../../Engine/Content/EngineMaterials/T_Default_Material_Grid_M.ubulk" 288
"../../../Engine/Content/EngineMaterials/T_Default_Material_Grid_M.uasset" 289
"../../../Engine/Content/EngineMaterials/T_Default_Material_Grid_M.uexp" 290
"../../../Engine/Content/EngineMaterials/T_Default_Material_Grid_N.ubulk" 291
"../../../Engine/Content/EngineMaterials/T_Default_Material_Grid_N.uasset" 292
"../../../Engine/Content/EngineMaterials/T_Default_Material_Grid_N.uexp" 293
"../../../Engine/Content/Functions/Engine_MaterialFunctions01/Opacity/CameraDepthFade.uasset" 294
"../../../Engine/Content/Functions/Engine_MaterialFunctions01/Opacity/CameraDepthFade.uexp" 295
"../../../Engine/Content/EngineMaterials/WorldGridMaterial.uasset" 296
"../../../Engine/Content/EngineMaterials/WorldGridMaterial.uexp" 297
"../../../Engine/Content/BasicShapes/Plane.ubulk" 298
"../../../Engine/Content/BasicShapes/Plane.uasset" 299
"../../../Engine/Content/BasicShapes/Plane.uexp" 300
"../../../Engine/Content/EngineMaterials/DefaultMaterial.uasset" 301
"../../../Engine/Content/EngineMaterials/DefaultMaterial.uexp" 302
"../../../Engine/Content/BasicShapes/Cylinder.ubulk" 303
"../../../Engine/Content/BasicShapes/Cylinder.uasset" 304
"../../../Engine/Content/BasicShapes/Cylinder.uexp" 305
"../../../Engine/Content/BasicShapes/Cube.ubulk" 306
"../../../Engine/Content/BasicShapes/Cube.uasset" 307
"../../../Engine/Content/BasicShapes/Cube.uexp" 308
"../../../Engine/Content/BasicShapes/Cone.ubulk" 309
"../../../Engine/Content/BasicShapes/Cone.uasset" 310
"../../../Engine/Content/BasicShapes/Cone.uexp" 311
"../../../Engine/Content/ArtTools/RenderToTexture/Meshes/S_1_Unit_Plane.ubulk" 312
"../../../Engine/Content/ArtTools/RenderToTexture/Meshes/S_1_Unit_Plane.uasset" 313
"../../../Engine/Content/ArtTools/RenderToTexture/Meshes/S_1_Unit_Plane.uexp" 314
"../../../Engine/Content/MobileResources/HUD/VirtualJoystick_Background.uasset" 315
"../../../Engine/Content/MobileResources/HUD/VirtualJoystick_Background.uexp" 316
"../../../Engine/Content/MobileResources/HUD/VirtualJoystick_Thumb.uasset" 317
"../../../Engine/Content/MobileResources/HUD/VirtualJoystick_Thumb.uexp" 318
"../../../Engine/Content/MobileResources/HUD/DefaultVirtualJoysticks.uasset" 319
"../../../Engine/Content/MobileResources/HUD/DefaultVirtualJoysticks.uexp" 320
"../../../Engine/Content/Tutorial/ContentIntroCurve.uasset" 321
"../../../Engine/Content/Tutorial/ContentIntroCurve.uexp" 322
"../../../Engine/Content/VREditor/TransformGizmo/Main.uasset" 323
"../../../Engine/Content/VREditor/TransformGizmo/Main.uexp" 324
"../../../Engine/Content/VREditor/TransformGizmo/Xray.uasset" 325
"../../../Engine/Content/VREditor/TransformGizmo/Xray.uexp" 326
"../../../Engine/Content/VREditor/TransformGizmo/SM_Sequencer_Node.ubulk" 327
"../../../Engine/Content/VREditor/TransformGizmo/SM_Sequencer_Node.uasset" 328
"../../../Engine/Content/VREditor/TransformGizmo/SM_Sequencer_Node.uexp" 329
"../../../Engine/Content/VREditor/LaserPointer/VR_LaserPower_01.ubulk" 330
"../../../Engine/Content/VREditor/LaserPointer/VR_LaserPower_01.uasset" 331
"../../../Engine/Content/VREditor/LaserPointer/VR_LaserPower_01.uexp" 332
"../../../Engine/Content/VREditor/TransformGizmo/TransformGizmoMaterial.uasset" 333
"../../../Engine/Content/VREditor/TransformGizmo/TransformGizmoMaterial.uexp" 334
"../../../Engine/Content/VREditor/TransformGizmo/TranslucentTransformGizmoMaterial.uasset" 335
"../../../Engine/Content/VREditor/TransformGizmo/TranslucentTransformGizmoMaterial.uexp" 336
"../../../Engine/Content/VREditor/TransformGizmo/PlaneTranslationHandle.ubulk" 337
"../../../Engine/Content/VREditor/TransformGizmo/PlaneTranslationHandle.uasset" 338
"../../../Engine/Content/VREditor/TransformGizmo/PlaneTranslationHandle.uexp" 339
"../../../Engine/Content/VREditor/TransformGizmo/BoundingBoxEdge.ubulk" 340
"../../../Engine/Content/VREditor/TransformGizmo/BoundingBoxEdge.uasset" 341
"../../../Engine/Content/VREditor/TransformGizmo/BoundingBoxEdge.uexp" 342
"../../../Engine/Content/VREditor/TransformGizmo/BoundingBoxCorner.ubulk" 343
"../../../Engine/Content/VREditor/TransformGizmo/BoundingBoxCorner.uasset" 344
"../../../Engine/Content/VREditor/TransformGizmo/BoundingBoxCorner.uexp" 345
"../../../Engine/Plugins/2D/Paper2D/Content/PlaceholderTextures/DummySpriteTexture.ubulk" 346
"../../../Engine/Plugins/2D/Paper2D/Content/PlaceholderTextures/DummySpriteTexture.uasset" 347
"../../../Engine/Plugins/2D/Paper2D/Content/PlaceholderTextures/DummySpriteTexture.uexp" 348
"../../../Engine/Plugins/2D/Paper2D/Content/DefaultSpriteMaterial.uasset" 349
"../../../Engine/Plugins/2D/Paper2D/Content/DefaultSpriteMaterial.uexp" 350
"../../../Engine/Plugins/2D/Paper2D/Content/OpaqueUnlitSpriteMaterial.uasset" 351
"../../../Engine/Plugins/2D/Paper2D/Content/OpaqueUnlitSpriteMaterial.uexp" 352
"../../../Engine/Plugins/2D/Paper2D/Content/MaskedUnlitSpriteMaterial.uasset" 353
"../../../Engine/Plugins/2D/Paper2D/Content/MaskedUnlitSpriteMaterial.uexp" 354
"../../../Engine/Plugins/2D/Paper2D/Content/DummySprite.uasset" 355
"../../../Engine/Plugins/2D/Paper2D/Content/DummySprite.uexp" 356
"../../../Engine/Plugins/2D/Paper2D/Content/DefaultPaperTerrainMaterial.uasset" 357
"../../../Engine/Plugins/2D/Paper2D/Content/DefaultPaperTerrainMaterial.uexp" 358
"../../../Engine/Plugins/Animation/ControlRig/Content/M_Manip.uasset" 359
"../../../Engine/Plugins/Animation/ControlRig/Content/M_Manip.uexp" 360
"../../../Engine/Plugins/Animation/ControlRig/Content/Controls/DefaultGizmoLibraryNormalized.uasset" 361
"../../../Engine/Plugins/Animation/ControlRig/Content/Controls/DefaultGizmoLibraryNormalized.uexp" 362
"../../../Engine/Plugins/Animation/ControlRig/Content/Controls/ControlRig_Wedge_solid.ubulk" 363
"../../../Engine/Plugins/Animation/ControlRig/Content/Controls/ControlRig_Wedge_solid.uasset" 364
"../../../Engine/Plugins/Animation/ControlRig/Content/Controls/ControlRig_Wedge_solid.uexp" 365
"../../../Engine/Plugins/Animation/ControlRig/Content/Controls/ControlRig_Wedge_3mm.ubulk" 366
"../../../Engine/Plugins/Animation/ControlRig/Content/Controls/ControlRig_Wedge_3mm.uasset" 367
"../../../Engine/Plugins/Animation/ControlRig/Content/Controls/ControlRig_Wedge_3mm.uexp" 368
"../../../Engine/Plugins/Animation/ControlRig/Content/Controls/ControlRig_Wedge_1mm.ubulk" 369
"../../../Engine/Plugins/Animation/ControlRig/Content/Controls/ControlRig_Wedge_1mm.uasset" 370
"../../../Engine/Plugins/Animation/ControlRig/Content/Controls/ControlRig_Wedge_1mm.uexp" 371
"../../../Engine/Plugins/Animation/ControlRig/Content/Controls/ControlRig_Triangle_solid.ubulk" 372
"../../../Engine/Plugins/Animation/ControlRig/Content/Controls/ControlRig_Triangle_solid.uasset" 373
"../../../Engine/Plugins/Animation/ControlRig/Content/Controls/ControlRig_Triangle_solid.uexp" 374
"../../../Engine/Plugins/Animation/ControlRig/Content/Controls/ControlRig_Triangle_3mm.ubulk" 375
"../../../Engine/Plugins/Animation/ControlRig/Content/Controls/ControlRig_Triangle_3mm.uasset" 376
"../../../Engine/Plugins/Animation/ControlRig/Content/Controls/ControlRig_Triangle_3mm.uexp" 377
"../../../Engine/Plugins/Animation/ControlRig/Content/Controls/ControlRig_Triangle_1mm.ubulk" 378
"../../../Engine/Plugins/Animation/ControlRig/Content/Controls/ControlRig_Triangle_1mm.uasset" 379
"../../../Engine/Plugins/Animation/ControlRig/Content/Controls/ControlRig_Triangle_1mm.uexp" 380
"../../../Engine/Plugins/Animation/ControlRig/Content/Controls/ControlRig_Star4_solid.ubulk" 381
"../../../Engine/Plugins/Animation/ControlRig/Content/Controls/ControlRig_Star4_solid.uasset" 382
"../../../Engine/Plugins/Animation/ControlRig/Content/Controls/ControlRig_Star4_solid.uexp" 383
"../../../Engine/Plugins/Animation/ControlRig/Content/Controls/ControlRig_Star4_3mm.ubulk" 384
"../../../Engine/Plugins/Animation/ControlRig/Content/Controls/ControlRig_Star4_3mm.uasset" 385
"../../../Engine/Plugins/Animation/ControlRig/Content/Controls/ControlRig_Star4_3mm.uexp" 386
"../../../Engine/Plugins/Animation/ControlRig/Content/Controls/ControlRig_Star4_1mm.ubulk" 387
"../../../Engine/Plugins/Animation/ControlRig/Content/Controls/ControlRig_Star4_1mm.uasset" 388
"../../../Engine/Plugins/Animation/ControlRig/Content/Controls/ControlRig_Star4_1mm.uexp" 389
"../../../Engine/Plugins/Animation/ControlRig/Content/Controls/ControlRig_Square_solid.ubulk" 390
"../../../Engine/Plugins/Animation/ControlRig/Content/Controls/ControlRig_Square_solid.uasset" 391
"../../../Engine/Plugins/Animation/ControlRig/Content/Controls/ControlRig_Square_solid.uexp" 392
"../../../Engine/Plugins/Animation/ControlRig/Content/Controls/ControlRig_Square_3mm.ubulk" 393
"../../../Engine/Plugins/Animation/ControlRig/Content/Controls/ControlRig_Square_3mm.uasset" 394
"../../../Engine/Plugins/Animation/ControlRig/Content/Controls/ControlRig_Square_3mm.uexp" 395
"../../../Engine/Plugins/Animation/ControlRig/Content/Controls/ControlRig_Square_1mm.ubulk" 396
"../../../Engine/Plugins/Animation/ControlRig/Content/Controls/ControlRig_Square_1mm.uasset" 397
"../../../Engine/Plugins/Animation/ControlRig/Content/Controls/ControlRig_Square_1mm.uexp" 398
"../../../Engine/Plugins/Animation/ControlRig/Content/Controls/ControlRig_Sphere_solid.ubulk" 399
"../../../Engine/Plugins/Animation/ControlRig/Content/Controls/ControlRig_Sphere_solid.uasset" 400
"../../../Engine/Plugins/Animation/ControlRig/Content/Controls/ControlRig_Sphere_solid.uexp" 401
"../../../Engine/Plugins/Animation/ControlRig/Content/Controls/ControlRig_Sphere_3mm.ubulk" 402
"../../../Engine/Plugins/Animation/ControlRig/Content/Controls/ControlRig_Sphere_3mm.uasset" 403
"../../../Engine/Plugins/Animation/ControlRig/Content/Controls/ControlRig_Sphere_3mm.uexp" 404
"../../../Engine/Plugins/Animation/ControlRig/Content/Controls/ControlRig_Sphere_1mm.ubulk" 405
"../../../Engine/Plugins/Animation/ControlRig/Content/Controls/ControlRig_Sphere_1mm.uasset" 406
"../../../Engine/Plugins/Animation/ControlRig/Content/Controls/ControlRig_Sphere_1mm.uexp" 407
"../../../Engine/Plugins/Animation/ControlRig/Content/Controls/ControlRig_RoundedTriangle_solid.ubulk" 408
"../../../Engine/Plugins/Animation/ControlRig/Content/Controls/ControlRig_RoundedTriangle_solid.uasset" 409
"../../../Engine/Plugins/Animation/ControlRig/Content/Controls/ControlRig_RoundedTriangle_solid.uexp" 410
"../../../Engine/Plugins/Animation/ControlRig/Content/Controls/ControlRig_RoundedTriangle_3mm.ubulk" 411
"../../../Engine/Plugins/Animation/ControlRig/Content/Controls/ControlRig_RoundedTriangle_3mm.uasset" 412
"../../../Engine/Plugins/Animation/ControlRig/Content/Controls/ControlRig_RoundedTriangle_3mm.uexp" 413
"../../../Engine/Plugins/Animation/ControlRig/Content/Controls/ControlRig_RoundedTriangle_1mm.ubulk" 414
"../../../Engine/Plugins/Animation/ControlRig/Content/Controls/ControlRig_RoundedTriangle_1mm.uasset" 415
"../../../Engine/Plugins/Animation/ControlRig/Content/Controls/ControlRig_RoundedTriangle_1mm.uexp" 416
"../../../Engine/Plugins/Animation/ControlRig/Content/Controls/ControlRig_RoundedSquare_solid.ubulk" 417
"../../../Engine/Plugins/Animation/ControlRig/Content/Controls/ControlRig_RoundedSquare_solid.uasset" 418
"../../../Engine/Plugins/Animation/ControlRig/Content/Controls/ControlRig_RoundedSquare_solid.uexp" 419
"../../../Engine/Plugins/Animation/ControlRig/Content/Controls/ControlRig_RoundedSquare_3mm.ubulk" 420
"../../../Engine/Plugins/Animation/ControlRig/Content/Controls/ControlRig_RoundedSquare_3mm.uasset" 421
"../../../Engine/Plugins/Animation/ControlRig/Content/Controls/ControlRig_RoundedSquare_3mm.uexp" 422
"../../../Engine/Plugins/Animation/ControlRig/Content/Controls/ControlRig_RoundedSquare_1mm.ubulk" 423
"../../../Engine/Plugins/Animation/ControlRig/Content/Controls/ControlRig_RoundedSquare_1mm.uasset" 424
"../../../Engine/Plugins/Animation/ControlRig/Content/Controls/ControlRig_RoundedSquare_1mm.uexp" 425
"../../../Engine/Plugins/Animation/ControlRig/Content/Controls/ControlRig_QuarterCircle_solid.ubulk" 426
"../../../Engine/Plugins/Animation/ControlRig/Content/Controls/ControlRig_QuarterCircle_solid.uasset" 427
"../../../Engine/Plugins/Animation/ControlRig/Content/Controls/ControlRig_QuarterCircle_solid.uexp" 428
"../../../Engine/Plugins/Animation/ControlRig/Content/Controls/ControlRig_QuarterCircle_3mm.ubulk" 429
"../../../Engine/Plugins/Animation/ControlRig/Content/Controls/ControlRig_QuarterCircle_3mm.uasset" 430
"../../../Engine/Plugins/Animation/ControlRig/Content/Controls/ControlRig_QuarterCircle_3mm.uexp" 431
"../../../Engine/Plugins/Animation/ControlRig/Content/Controls/ControlRig_QuarterCircle_1mm.ubulk" 432
"../../../Engine/Plugins/Animation/ControlRig/Content/Controls/ControlRig_QuarterCircle_1mm.uasset" 433
"../../../Engine/Plugins/Animation/ControlRig/Content/Controls/ControlRig_QuarterCircle_1mm.uexp" 434
"../../../Engine/Plugins/Animation/ControlRig/Content/Controls/ControlRig_Pyramid_solid.ubulk" 435
"../../../Engine/Plugins/Animation/ControlRig/Content/Controls/ControlRig_Pyramid_solid.uasset" 436
"../../../Engine/Plugins/Animation/ControlRig/Content/Controls/ControlRig_Pyramid_solid.uexp" 437
"../../../Engine/Plugins/Animation/ControlRig/Content/Controls/ControlRig_Pyramid_3mm.ubulk" 438
"../../../Engine/Plugins/Animation/ControlRig/Content/Controls/ControlRig_Pyramid_3mm.uasset" 439
"../../../Engine/Plugins/Animation/ControlRig/Content/Controls/ControlRig_Pyramid_3mm.uexp" 440
"../../../Engine/Plugins/Animation/ControlRig/Content/Controls/ControlRig_Pyramid_1mm.ubulk" 441
"../../../Engine/Plugins/Animation/ControlRig/Content/Controls/ControlRig_Pyramid_1mm.uasset" 442
"../../../Engine/Plugins/Animation/ControlRig/Content/Controls/ControlRig_Pyramid_1mm.uexp" 443
"../../../Engine/Plugins/Animation/ControlRig/Content/Controls/ControlRig_Octagon_solid.ubulk" 444
"../../../Engine/Plugins/Animation/ControlRig/Content/Controls/ControlRig_Octagon_solid.uasset" 445
"../../../Engine/Plugins/Animation/ControlRig/Content/Controls/ControlRig_Octagon_solid.uexp" 446
"../../../Engine/Plugins/Animation/ControlRig/Content/Controls/ControlRig_Octagon_3mm.ubulk" 447
"../../../Engine/Plugins/Animation/ControlRig/Content/Controls/ControlRig_Octagon_3mm.uasset" 448
"../../../Engine/Plugins/Animation/ControlRig/Content/Controls/ControlRig_Octagon_3mm.uexp" 449
"../../../Engine/Plugins/Animation/ControlRig/Content/Controls/ControlRig_Octagon_1mm.ubulk" 450
"../../../Engine/Plugins/Animation/ControlRig/Content/Controls/ControlRig_Octagon_1mm.uasset" 451
"../../../Engine/Plugins/Animation/ControlRig/Content/Controls/ControlRig_Octagon_1mm.uexp" 452
"../../../Engine/Plugins/Animation/ControlRig/Content/Controls/ControlRig_Hexagon_solid.ubulk" 453
"../../../Engine/Plugins/Animation/ControlRig/Content/Controls/ControlRig_Hexagon_solid.uasset" 454
"../../../Engine/Plugins/Animation/ControlRig/Content/Controls/ControlRig_Hexagon_solid.uexp" 455
"../../../Engine/Plugins/Animation/ControlRig/Content/Controls/ControlRig_Hexagon_3mm.ubulk" 456
"../../../Engine/Plugins/Animation/ControlRig/Content/Controls/ControlRig_Hexagon_3mm.uasset" 457
"../../../Engine/Plugins/Animation/ControlRig/Content/Controls/ControlRig_Hexagon_3mm.uexp" 458
"../../../Engine/Plugins/Animation/ControlRig/Content/Controls/ControlRig_Hexagon_1mm.ubulk" 459
"../../../Engine/Plugins/Animation/ControlRig/Content/Controls/ControlRig_Hexagon_1mm.uasset" 460
"../../../Engine/Plugins/Animation/ControlRig/Content/Controls/ControlRig_Hexagon_1mm.uexp" 461
"../../../Engine/Plugins/Animation/ControlRig/Content/Controls/ControlRig_HalfCircle_solid.ubulk" 462
"../../../Engine/Plugins/Animation/ControlRig/Content/Controls/ControlRig_HalfCircle_solid.uasset" 463
"../../../Engine/Plugins/Animation/ControlRig/Content/Controls/ControlRig_HalfCircle_solid.uexp" 464
"../../../Engine/Plugins/Animation/ControlRig/Content/Controls/ControlRig_HalfCircle_3mm.ubulk" 465
"../../../Engine/Plugins/Animation/ControlRig/Content/Controls/ControlRig_HalfCircle_3mm.uasset" 466
"../../../Engine/Plugins/Animation/ControlRig/Content/Controls/ControlRig_HalfCircle_3mm.uexp" 467
"../../../Engine/Plugins/Animation/ControlRig/Content/Controls/ControlRig_HalfCircle_1mm.ubulk" 468
"../../../Engine/Plugins/Animation/ControlRig/Content/Controls/ControlRig_HalfCircle_1mm.uasset" 469
"../../../Engine/Plugins/Animation/ControlRig/Content/Controls/ControlRig_HalfCircle_1mm.uexp" 470
"../../../Engine/Plugins/Animation/ControlRig/Content/Controls/ControlRig_Diamond_solid.ubulk" 471
"../../../Engine/Plugins/Animation/ControlRig/Content/Controls/ControlRig_Diamond_solid.uasset" 472
"../../../Engine/Plugins/Animation/ControlRig/Content/Controls/ControlRig_Diamond_solid.uexp" 473
"../../../Engine/Plugins/Animation/ControlRig/Content/Controls/ControlRig_Diamond_3mm.ubulk" 474
"../../../Engine/Plugins/Animation/ControlRig/Content/Controls/ControlRig_Diamond_3mm.uasset" 475
"../../../Engine/Plugins/Animation/ControlRig/Content/Controls/ControlRig_Diamond_3mm.uexp" 476
"../../../Engine/Plugins/Animation/ControlRig/Content/Controls/ControlRig_Diamond_1mm.ubulk" 477
"../../../Engine/Plugins/Animation/ControlRig/Content/Controls/ControlRig_Diamond_1mm.uasset" 478
"../../../Engine/Plugins/Animation/ControlRig/Content/Controls/ControlRig_Diamond_1mm.uexp" 479
"../../../Engine/Plugins/Animation/ControlRig/Content/Controls/ControlRig_Circle_solid.ubulk" 480
"../../../Engine/Plugins/Animation/ControlRig/Content/Controls/ControlRig_Circle_solid.uasset" 481
"../../../Engine/Plugins/Animation/ControlRig/Content/Controls/ControlRig_Circle_solid.uexp" 482
"../../../Engine/Plugins/Animation/ControlRig/Content/Controls/ControlRig_Circle_3mm.ubulk" 483
"../../../Engine/Plugins/Animation/ControlRig/Content/Controls/ControlRig_Circle_3mm.uasset" 484
"../../../Engine/Plugins/Animation/ControlRig/Content/Controls/ControlRig_Circle_3mm.uexp" 485
"../../../Engine/Plugins/Animation/ControlRig/Content/Controls/ControlRig_Circle_1mm.ubulk" 486
"../../../Engine/Plugins/Animation/ControlRig/Content/Controls/ControlRig_Circle_1mm.uasset" 487
"../../../Engine/Plugins/Animation/ControlRig/Content/Controls/ControlRig_Circle_1mm.uexp" 488
"../../../Engine/Plugins/Animation/ControlRig/Content/Controls/ControlRig_Box_solid.ubulk" 489
"../../../Engine/Plugins/Animation/ControlRig/Content/Controls/ControlRig_Box_solid.uasset" 490
"../../../Engine/Plugins/Animation/ControlRig/Content/Controls/ControlRig_Box_solid.uexp" 491
"../../../Engine/Plugins/Animation/ControlRig/Content/Controls/ControlRig_Box_3mm.ubulk" 492
"../../../Engine/Plugins/Animation/ControlRig/Content/Controls/ControlRig_Box_3mm.uasset" 493
"../../../Engine/Plugins/Animation/ControlRig/Content/Controls/ControlRig_Box_3mm.uexp" 494
"../../../Engine/Plugins/Animation/ControlRig/Content/Controls/ControlRig_Box_1mm.ubulk" 495
"../../../Engine/Plugins/Animation/ControlRig/Content/Controls/ControlRig_Box_1mm.uasset" 496
"../../../Engine/Plugins/Animation/ControlRig/Content/Controls/ControlRig_Box_1mm.uexp" 497
"../../../Engine/Plugins/Animation/ControlRig/Content/Controls/ControlRig_Arrow_solid.ubulk" 498
"../../../Engine/Plugins/Animation/ControlRig/Content/Controls/ControlRig_Arrow_solid.uasset" 499
"../../../Engine/Plugins/Animation/ControlRig/Content/Controls/ControlRig_Arrow_solid.uexp" 500
"../../../Engine/Plugins/Animation/ControlRig/Content/Controls/ControlRig_Arrow_3mm.ubulk" 501
"../../../Engine/Plugins/Animation/ControlRig/Content/Controls/ControlRig_Arrow_3mm.uasset" 502
"../../../Engine/Plugins/Animation/ControlRig/Content/Controls/ControlRig_Arrow_3mm.uexp" 503
"../../../Engine/Plugins/Animation/ControlRig/Content/Controls/ControlRig_Arrow_1mm.ubulk" 504
"../../../Engine/Plugins/Animation/ControlRig/Content/Controls/ControlRig_Arrow_1mm.uasset" 505
"../../../Engine/Plugins/Animation/ControlRig/Content/Controls/ControlRig_Arrow_1mm.uexp" 506
"../../../Engine/Plugins/Animation/ControlRig/Content/Controls/ControlRig_Arrow4_solid.ubulk" 507
"../../../Engine/Plugins/Animation/ControlRig/Content/Controls/ControlRig_Arrow4_solid.uasset" 508
"../../../Engine/Plugins/Animation/ControlRig/Content/Controls/ControlRig_Arrow4_solid.uexp" 509
"../../../Engine/Plugins/Animation/ControlRig/Content/Controls/ControlRig_Arrow4_3mm.ubulk" 510
"../../../Engine/Plugins/Animation/ControlRig/Content/Controls/ControlRig_Arrow4_3mm.uasset" 511
"../../../Engine/Plugins/Animation/ControlRig/Content/Controls/ControlRig_Arrow4_3mm.uexp" 512
"../../../Engine/Plugins/Animation/ControlRig/Content/Controls/ControlRig_Arrow4_1mm.ubulk" 513
"../../../Engine/Plugins/Animation/ControlRig/Content/Controls/ControlRig_Arrow4_1mm.uasset" 514
"../../../Engine/Plugins/Animation/ControlRig/Content/Controls/ControlRig_Arrow4_1mm.uexp" 515
"../../../Engine/Plugins/Animation/ControlRig/Content/Controls/ControlRig_Arrow2_solid.ubulk" 516
"../../../Engine/Plugins/Animation/ControlRig/Content/Controls/ControlRig_Arrow2_solid.uasset" 517
"../../../Engine/Plugins/Animation/ControlRig/Content/Controls/ControlRig_Arrow2_solid.uexp" 518
"../../../Engine/Plugins/Animation/ControlRig/Content/Controls/ControlRig_Arrow2_3mm.ubulk" 519
"../../../Engine/Plugins/Animation/ControlRig/Content/Controls/ControlRig_Arrow2_3mm.uasset" 520
"../../../Engine/Plugins/Animation/ControlRig/Content/Controls/ControlRig_Arrow2_3mm.uexp" 521
"../../../Engine/Plugins/Animation/ControlRig/Content/Controls/ControlRig_Arrow2_1mm.ubulk" 522
"../../../Engine/Plugins/Animation/ControlRig/Content/Controls/ControlRig_Arrow2_1mm.uasset" 523
"../../../Engine/Plugins/Animation/ControlRig/Content/Controls/ControlRig_Arrow2_1mm.uexp" 524
"../../../Engine/Plugins/Animation/ControlRig/Content/Controls/ControlRigGizmoMaterial.uasset" 525
"../../../Engine/Plugins/Animation/ControlRig/Content/Controls/ControlRigGizmoMaterial.uexp" 526
"../../../Engine/Plugins/Editor/SpeedTreeImporter/Content/SpeedTree9/game_wind_noise.ubulk" 527
"../../../Engine/Plugins/Editor/SpeedTreeImporter/Content/SpeedTree9/game_wind_noise.uasset" 528
"../../../Engine/Plugins/Editor/SpeedTreeImporter/Content/SpeedTree9/game_wind_noise.uexp" 529
"../../../Engine/Plugins/Editor/SpeedTreeImporter/Content/SpeedTree9/UnpackDirection.uasset" 530
"../../../Engine/Plugins/Editor/SpeedTreeImporter/Content/SpeedTree9/UnpackDirection.uexp" 531
"../../../Engine/Content/Functions/Engine_MaterialFunctions02/ObjectLocalBounds.uasset" 532
"../../../Engine/Content/Functions/Engine_MaterialFunctions02/ObjectLocalBounds.uexp" 533
"../../../Engine/Content/Functions/Engine_MaterialFunctions02/UVs/BoundingBoxBased_0-1_UVW.uasset" 534
"../../../Engine/Content/Functions/Engine_MaterialFunctions02/UVs/BoundingBoxBased_0-1_UVW.uexp" 535
"../../../Engine/Content/Functions/Engine_MaterialFunctions02/Utility/VectorLength.uasset" 536
"../../../Engine/Content/Functions/Engine_MaterialFunctions02/Utility/VectorLength.uexp" 537
"../../../Engine/Plugins/Editor/SpeedTreeImporter/Content/SpeedTree9/UnpackInteger3.uasset" 538
"../../../Engine/Plugins/Editor/SpeedTreeImporter/Content/SpeedTree9/UnpackInteger3.uexp" 539
"../../../Engine/Plugins/Editor/SpeedTreeImporter/Content/SpeedTree9/SpeedTreeCameraFacing.uasset" 540
"../../../Engine/Plugins/Editor/SpeedTreeImporter/Content/SpeedTree9/SpeedTreeCameraFacing.uexp" 541
"../../../Engine/Content/Functions/Engine_MaterialFunctions02/WorldPositionOffset/ObjectScale.uasset" 542
"../../../Engine/Content/Functions/Engine_MaterialFunctions02/WorldPositionOffset/ObjectScale.uexp" 543
"../../../Engine/Content/Functions/Engine_MaterialFunctions02/SafeNormalize.uasset" 544
"../../../Engine/Content/Functions/Engine_MaterialFunctions02/SafeNormalize.uexp" 545
"../../../Engine/Plugins/Editor/SpeedTreeImporter/Content/SpeedTree9/SpeedTreeWindMotion.uasset" 546
"../../../Engine/Plugins/Editor/SpeedTreeImporter/Content/SpeedTree9/SpeedTreeWindMotion.uexp" 547
"../../../Engine/Plugins/Editor/SpeedTreeImporter/Content/SpeedTree9/SpeedTreeBranchMotion.uasset" 548
"../../../Engine/Plugins/Editor/SpeedTreeImporter/Content/SpeedTree9/SpeedTreeBranchMotion.uexp" 549
"../../../Engine/Plugins/Editor/SpeedTreeImporter/Content/SpeedTree9/SpeedTreeWind.uasset" 550
"../../../Engine/Plugins/Editor/SpeedTreeImporter/Content/SpeedTree9/SpeedTreeWind.uexp" 551
"../../../Engine/Plugins/Editor/SpeedTreeImporter/Content/SpeedTree9/EmptyNormal.uasset" 552
"../../../Engine/Plugins/Editor/SpeedTreeImporter/Content/SpeedTree9/EmptyNormal.uexp" 553
"../../../Engine/Plugins/Editor/SpeedTreeImporter/Content/SpeedTree9/Empty.uasset" 554
"../../../Engine/Plugins/Editor/SpeedTreeImporter/Content/SpeedTree9/Empty.uexp" 555
"../../../Engine/Plugins/Editor/SpeedTreeImporter/Content/SpeedTree9/SpeedTreeMaster.uasset" 556
"../../../Engine/Plugins/Editor/SpeedTreeImporter/Content/SpeedTree9/SpeedTreeMaster.uexp" 557
"../../../Engine/Plugins/Editor/SpeedTreeImporter/Content/SpeedTree9/SpeedTreeBillboard.uasset" 558
"../../../Engine/Plugins/Editor/SpeedTreeImporter/Content/SpeedTree9/SpeedTreeBillboard.uexp" 559
"../../../Engine/Plugins/Editor/SpeedTreeImporter/Content/SpeedTree9/SpeedTreeBillboardMaster.uasset" 560
"../../../Engine/Plugins/Editor/SpeedTreeImporter/Content/SpeedTree9/SpeedTreeBillboardMaster.uexp" 561
"../../../Engine/Plugins/Runtime/HairStrands/Content/Materials/HairMeshesDefaultMaterial.uasset" 562
"../../../Engine/Plugins/Runtime/HairStrands/Content/Materials/HairMeshesDefaultMaterial.uexp" 563
"../../../Engine/Plugins/Runtime/HairStrands/Content/Materials/HairDefaultMaterial.uasset" 564
"../../../Engine/Plugins/Runtime/HairStrands/Content/Materials/HairDefaultMaterial.uexp" 565
"../../../Engine/Plugins/Runtime/HairStrands/Content/Materials/HairGroupColors.uasset" 566
"../../../Engine/Plugins/Runtime/HairStrands/Content/Materials/HairGroupColors.uexp" 567
"../../../Engine/Content/EngineMaterials/HairColorMap.uasset" 568
"../../../Engine/Content/EngineMaterials/HairColorMap.uexp" 569
"../../../Engine/Content/EngineMaterials/HairDebugColor.uasset" 570
"../../../Engine/Content/EngineMaterials/HairDebugColor.uexp" 571
"../../../Engine/Plugins/Runtime/HairStrands/Content/Materials/HairDebugMaterial.uasset" 572
"../../../Engine/Plugins/Runtime/HairStrands/Content/Materials/HairDebugMaterial.uexp" 573
"../../../Engine/Plugins/Runtime/HairStrands/Content/Materials/HairCardsDefaultMaterial.uasset" 574
"../../../Engine/Plugins/Runtime/HairStrands/Content/Materials/HairCardsDefaultMaterial.uexp" 575
"../../../Engine/Content/BasicShapes/Sphere.ubulk" 576
"../../../Engine/Content/BasicShapes/Sphere.uasset" 577
"../../../Engine/Content/BasicShapes/Sphere.uexp" 578
"C:/repo/veronika.kazikova/Maze/Maze/Content/Fantastic_Village_Pack/textures/T_ember_E.ubulk" 579
"C:/repo/veronika.kazikova/Maze/Maze/Content/Fantastic_Village_Pack/textures/T_ember_E.uasset" 580
"C:/repo/veronika.kazikova/Maze/Maze/Content/Fantastic_Village_Pack/textures/T_ember_E.uexp" 581
"C:/repo/veronika.kazikova/Maze/Maze/Content/Fantastic_Village_Pack/textures/T_ember_BC.ubulk" 582
"C:/repo/veronika.kazikova/Maze/Maze/Content/Fantastic_Village_Pack/textures/T_ember_BC.uasset" 583
"C:/repo/veronika.kazikova/Maze/Maze/Content/Fantastic_Village_Pack/textures/T_ember_BC.uexp" 584
"C:/repo/veronika.kazikova/Maze/Maze/Content/Fantastic_Village_Pack/textures/T_ENV_TERRAIN_gravel_N.ubulk" 585
"C:/repo/veronika.kazikova/Maze/Maze/Content/Fantastic_Village_Pack/textures/T_ENV_TERRAIN_gravel_N.uasset" 586
"C:/repo/veronika.kazikova/Maze/Maze/Content/Fantastic_Village_Pack/textures/T_ENV_TERRAIN_gravel_N.uexp" 587
"C:/repo/veronika.kazikova/Maze/Maze/Content/Fantastic_Village_Pack/materials/master_materials/M_Master_opaque_emissive.uasset" 588
"C:/repo/veronika.kazikova/Maze/Maze/Content/Fantastic_Village_Pack/materials/master_materials/M_Master_opaque_emissive.uexp" 589
"C:/repo/veronika.kazikova/Maze/Maze/Content/Blueprints/WBP_Start.uasset" 590
"C:/repo/veronika.kazikova/Maze/Maze/Content/Blueprints/WBP_Start.uexp" 591
"C:/repo/veronika.kazikova/Maze/Maze/Content/Blueprints/WBP_Win.uasset" 592
"C:/repo/veronika.kazikova/Maze/Maze/Content/Blueprints/WBP_Win.uexp" 593
"C:/repo/veronika.kazikova/Maze/Maze/Content/Blueprints/BP_MazeGameMode.uasset" 594
"C:/repo/veronika.kazikova/Maze/Maze/Content/Blueprints/BP_MazeGameMode.uexp" 595
"../../../Engine/Content/Functions/Engine_MaterialFunctions02/Utility/VectorToRadialValue.uasset" 596
"../../../Engine/Content/Functions/Engine_MaterialFunctions02/Utility/VectorToRadialValue.uexp" 597
"C:/repo/veronika.kazikova/Maze/Maze/Content/Fantastic_Village_Pack/textures/T_FX_water_H.ubulk" 598
"C:/repo/veronika.kazikova/Maze/Maze/Content/Fantastic_Village_Pack/textures/T_FX_water_H.uasset" 599
"C:/repo/veronika.kazikova/Maze/Maze/Content/Fantastic_Village_Pack/textures/T_FX_water_H.uexp" 600
"../../../Engine/Content/Functions/Engine_MaterialFunctions02/Utility/BlendAngleCorrectedNormals.uasset" 601
"../../../Engine/Content/Functions/Engine_MaterialFunctions02/Utility/BlendAngleCorrectedNormals.uexp" 602
"../../../Engine/Content/Functions/Engine_MaterialFunctions01/Texturing/FlattenNormal.uasset" 603
"../../../Engine/Content/Functions/Engine_MaterialFunctions01/Texturing/FlattenNormal.uexp" 604
"../../../Engine/Content/Functions/Engine_MaterialFunctions01/Texturing/ScaleUVsByCenter.uasset" 605
"../../../Engine/Content/Functions/Engine_MaterialFunctions01/Texturing/ScaleUVsByCenter.uexp" 606
"C:/repo/veronika.kazikova/Maze/Maze/Content/Fantastic_Village_Pack/textures/T_FX_water_N.uasset" 607
"C:/repo/veronika.kazikova/Maze/Maze/Content/Fantastic_Village_Pack/textures/T_FX_water_N.uexp" 608
"../../../Engine/Content/Functions/Engine_MaterialFunctions01/Gradient/LinearGradient.uasset" 609
"../../../Engine/Content/Functions/Engine_MaterialFunctions01/Gradient/LinearGradient.uexp" 610
"C:/repo/veronika.kazikova/Maze/Maze/Content/Fantastic_Village_Pack/textures/T_FX_noise.ubulk" 611
"C:/repo/veronika.kazikova/Maze/Maze/Content/Fantastic_Village_Pack/textures/T_FX_noise.uasset" 612
"C:/repo/veronika.kazikova/Maze/Maze/Content/Fantastic_Village_Pack/textures/T_FX_noise.uexp" 613
"../../../Engine/Content/Functions/Engine_MaterialFunctions01/ImageAdjustment/CheapContrast.uasset" 614
"../../../Engine/Content/Functions/Engine_MaterialFunctions01/ImageAdjustment/CheapContrast.uexp" 615
"C:/repo/veronika.kazikova/Maze/Maze/Content/Fantastic_Village_Pack/materials/master_materials/M_Master_water.uasset" 616
"C:/repo/veronika.kazikova/Maze/Maze/Content/Fantastic_Village_Pack/materials/master_materials/M_Master_water.uexp" 617
"C:/repo/veronika.kazikova/Maze/Maze/Content/Fantastic_Village_Pack/materials/MI_ENV_water.uasset" 618
"C:/repo/veronika.kazikova/Maze/Maze/Content/Fantastic_Village_Pack/materials/MI_ENV_water.uexp" 619
"C:/repo/veronika.kazikova/Maze/Maze/Content/Fantastic_Village_Pack/textures/T_ENV_stone_BC.ubulk" 620
"C:/repo/veronika.kazikova/Maze/Maze/Content/Fantastic_Village_Pack/textures/T_ENV_stone_BC.uasset" 621
"C:/repo/veronika.kazikova/Maze/Maze/Content/Fantastic_Village_Pack/textures/T_ENV_stone_BC.uexp" 622
"C:/repo/veronika.kazikova/Maze/Maze/Content/Fantastic_Village_Pack/textures/T_ENV_stone_N.ubulk" 623
"C:/repo/veronika.kazikova/Maze/Maze/Content/Fantastic_Village_Pack/textures/T_ENV_stone_N.uasset" 624
"C:/repo/veronika.kazikova/Maze/Maze/Content/Fantastic_Village_Pack/textures/T_ENV_stone_N.uexp" 625
"C:/repo/veronika.kazikova/Maze/Maze/Content/PM_FloorPhysMaterial.uasset" 626
"C:/repo/veronika.kazikova/Maze/Maze/Content/PM_FloorPhysMaterial.uexp" 627
"C:/repo/veronika.kazikova/Maze/Maze/Content/Fantastic_Village_Pack/textures/T_ENV_TERRAIN_gravel_BC.ubulk" 628
"C:/repo/veronika.kazikova/Maze/Maze/Content/Fantastic_Village_Pack/textures/T_ENV_TERRAIN_gravel_BC.uasset" 629
"C:/repo/veronika.kazikova/Maze/Maze/Content/Fantastic_Village_Pack/textures/T_ENV_TERRAIN_gravel_BC.uexp" 630
"C:/repo/veronika.kazikova/Maze/Maze/Content/Fantastic_Village_Pack/materials/master_materials/M_Master_opaque_normal.uasset" 631
"C:/repo/veronika.kazikova/Maze/Maze/Content/Fantastic_Village_Pack/materials/master_materials/M_Master_opaque_normal.uexp" 632
"C:/repo/veronika.kazikova/Maze/Maze/Content/Fantastic_Village_Pack/materials/MI_ENV_stone.uasset" 633
"C:/repo/veronika.kazikova/Maze/Maze/Content/Fantastic_Village_Pack/materials/MI_ENV_stone.uexp" 634
"C:/repo/veronika.kazikova/Maze/Maze/Content/StaticMeshes/SM_Floor_Hole1.ubulk" 635
"C:/repo/veronika.kazikova/Maze/Maze/Content/StaticMeshes/SM_Floor_Hole1.uasset" 636
"C:/repo/veronika.kazikova/Maze/Maze/Content/StaticMeshes/SM_Floor_Hole1.uexp" 637
"C:/repo/veronika.kazikova/Maze/Maze/Content/StaticMeshes/SM_Walll.ubulk" 638
"C:/repo/veronika.kazikova/Maze/Maze/Content/StaticMeshes/SM_Walll.uasset" 639
"C:/repo/veronika.kazikova/Maze/Maze/Content/StaticMeshes/SM_Walll.uexp" 640
"C:/repo/veronika.kazikova/Maze/Maze/Content/StaticMeshes/SM_WinZone.ubulk" 641
"C:/repo/veronika.kazikova/Maze/Maze/Content/StaticMeshes/SM_WinZone.uasset" 642
"C:/repo/veronika.kazikova/Maze/Maze/Content/StaticMeshes/SM_WinZone.uexp" 643
"C:/repo/veronika.kazikova/Maze/Maze/Content/Fantastic_Village_Pack/textures/T_FX_sprite_fire.ubulk" 644
"C:/repo/veronika.kazikova/Maze/Maze/Content/Fantastic_Village_Pack/textures/T_FX_sprite_fire.uasset" 645
"C:/repo/veronika.kazikova/Maze/Maze/Content/Fantastic_Village_Pack/textures/T_FX_sprite_fire.uexp" 646
"C:/repo/veronika.kazikova/Maze/Maze/Content/Fantastic_Village_Pack/materials/master_materials/M_Master_fire_smoke.uasset" 647
"C:/repo/veronika.kazikova/Maze/Maze/Content/Fantastic_Village_Pack/materials/master_materials/M_Master_fire_smoke.uexp" 648
"C:/repo/veronika.kazikova/Maze/Maze/Content/Fantastic_Village_Pack/textures/T_FX_sprite_steam_village_BC.ubulk" 649
"C:/repo/veronika.kazikova/Maze/Maze/Content/Fantastic_Village_Pack/textures/T_FX_sprite_steam_village_BC.uasset" 650
"C:/repo/veronika.kazikova/Maze/Maze/Content/Fantastic_Village_Pack/textures/T_FX_sprite_steam_village_BC.uexp" 651
"C:/repo/veronika.kazikova/Maze/Maze/Content/Fantastic_Village_Pack/materials/MI_FX_smoke.uasset" 652
"C:/repo/veronika.kazikova/Maze/Maze/Content/Fantastic_Village_Pack/materials/MI_FX_smoke.uexp" 653
"C:/repo/veronika.kazikova/Maze/Maze/Content/Fantastic_Village_Pack/materials/MI_FX_fire.uasset" 654
"C:/repo/veronika.kazikova/Maze/Maze/Content/Fantastic_Village_Pack/materials/MI_FX_fire.uexp" 655
"C:/repo/veronika.kazikova/Maze/Maze/Content/Fantastic_Village_Pack/effects/PS_FX_fire_1.uasset" 656
"C:/repo/veronika.kazikova/Maze/Maze/Content/Fantastic_Village_Pack/effects/PS_FX_fire_1.uexp" 657
"C:/repo/veronika.kazikova/Maze/Maze/Content/StaticMeshes/SM_Floor1.ubulk" 658
"C:/repo/veronika.kazikova/Maze/Maze/Content/StaticMeshes/SM_Floor1.uasset" 659
"C:/repo/veronika.kazikova/Maze/Maze/Content/StaticMeshes/SM_Floor1.uexp" 660
"C:/repo/veronika.kazikova/Maze/Maze/Content/StaticMeshes/SM_Floor_Hole2.ubulk" 661
"C:/repo/veronika.kazikova/Maze/Maze/Content/StaticMeshes/SM_Floor_Hole2.uasset" 662
"C:/repo/veronika.kazikova/Maze/Maze/Content/StaticMeshes/SM_Floor_Hole2.uexp" 663
"C:/repo/veronika.kazikova/Maze/Maze/Content/StaticMeshes/SM_Floor_Hole3.ubulk" 664
"C:/repo/veronika.kazikova/Maze/Maze/Content/StaticMeshes/SM_Floor_Hole3.uasset" 665
"C:/repo/veronika.kazikova/Maze/Maze/Content/StaticMeshes/SM_Floor_Hole3.uexp" 666
"C:/repo/veronika.kazikova/Maze/Maze/Content/Blueprints/BP_Table.uasset" 667
"C:/repo/veronika.kazikova/Maze/Maze/Content/Blueprints/BP_Table.uexp" 668
"C:/repo/veronika.kazikova/Maze/Maze/Content/Blueprints/BP_Ball.uasset" 669
"C:/repo/veronika.kazikova/Maze/Maze/Content/Blueprints/BP_Ball.uexp" 670
"C:/repo/veronika.kazikova/Maze/Maze/Content/Blueprints/BP_Flames.uasset" 671
"C:/repo/veronika.kazikova/Maze/Maze/Content/Blueprints/BP_Flames.uexp" 672
"C:/repo/veronika.kazikova/Maze/Maze/Content/Fantastic_Village_Pack/textures/T_food.ubulk" 673
"C:/repo/veronika.kazikova/Maze/Maze/Content/Fantastic_Village_Pack/textures/T_food.uasset" 674
"C:/repo/veronika.kazikova/Maze/Maze/Content/Fantastic_Village_Pack/textures/T_food.uexp" 675
"C:/repo/veronika.kazikova/Maze/Maze/Content/Fantastic_Village_Pack/textures/T_PROP_potplants.ubulk" 676
"C:/repo/veronika.kazikova/Maze/Maze/Content/Fantastic_Village_Pack/textures/T_PROP_potplants.uasset" 677
"C:/repo/veronika.kazikova/Maze/Maze/Content/Fantastic_Village_Pack/textures/T_PROP_potplants.uexp" 678
"C:/repo/veronika.kazikova/Maze/Maze/Content/Fantastic_Village_Pack/materials/master_materials/M_Master_transparent.uasset" 679
"C:/repo/veronika.kazikova/Maze/Maze/Content/Fantastic_Village_Pack/materials/master_materials/M_Master_transparent.uexp" 680
"C:/repo/veronika.kazikova/Maze/Maze/Content/Fantastic_Village_Pack/materials/MI_PROP_food.uasset" 681
"C:/repo/veronika.kazikova/Maze/Maze/Content/Fantastic_Village_Pack/materials/MI_PROP_food.uexp" 682
"C:/repo/veronika.kazikova/Maze/Maze/Content/Fantastic_Village_Pack/textures/T_leather.ubulk" 683
"C:/repo/veronika.kazikova/Maze/Maze/Content/Fantastic_Village_Pack/textures/T_leather.uasset" 684
"C:/repo/veronika.kazikova/Maze/Maze/Content/Fantastic_Village_Pack/textures/T_leather.uexp" 685
"C:/repo/veronika.kazikova/Maze/Maze/Content/Fantastic_Village_Pack/materials/master_materials/M_Master_opaque.uasset" 686
"C:/repo/veronika.kazikova/Maze/Maze/Content/Fantastic_Village_Pack/materials/master_materials/M_Master_opaque.uexp" 687
"C:/repo/veronika.kazikova/Maze/Maze/Content/Fantastic_Village_Pack/materials/MI_leather.uasset" 688
"C:/repo/veronika.kazikova/Maze/Maze/Content/Fantastic_Village_Pack/materials/MI_leather.uexp" 689
"C:/repo/veronika.kazikova/Maze/Maze/Content/Fantastic_Village_Pack/meshes/props/food/SM_PROP_sack_07.ubulk" 690
"C:/repo/veronika.kazikova/Maze/Maze/Content/Fantastic_Village_Pack/meshes/props/food/SM_PROP_sack_07.uasset" 691
"C:/repo/veronika.kazikova/Maze/Maze/Content/Fantastic_Village_Pack/meshes/props/food/SM_PROP_sack_07.uexp" 692
"../../../Engine/Content/Maps/Entry_BuiltData.uasset" 693
"../../../Engine/Content/Maps/Entry_BuiltData.uexp" 694
"../../../Engine/Content/Maps/Entry.uexp" 695
"../../../Engine/Content/Maps/Entry.umap" 696
"C:/repo/veronika.kazikova/Maze/Maze/Content/Fantastic_Village_Pack/textures/T_wood_planks_03_BC.ubulk" 697
"C:/repo/veronika.kazikova/Maze/Maze/Content/Fantastic_Village_Pack/textures/T_wood_planks_03_BC.uasset" 698
"C:/repo/veronika.kazikova/Maze/Maze/Content/Fantastic_Village_Pack/textures/T_wood_planks_03_BC.uexp" 699
"C:/repo/veronika.kazikova/Maze/Maze/Content/Fantastic_Village_Pack/textures/T_wood_planks_02_N.ubulk" 700
"C:/repo/veronika.kazikova/Maze/Maze/Content/Fantastic_Village_Pack/textures/T_wood_planks_02_N.uasset" 701
"C:/repo/veronika.kazikova/Maze/Maze/Content/Fantastic_Village_Pack/textures/T_wood_planks_02_N.uexp" 702
"C:/repo/veronika.kazikova/Maze/Maze/Content/Fantastic_Village_Pack/materials/MI_wood_planks_03.uasset" 703
"C:/repo/veronika.kazikova/Maze/Maze/Content/Fantastic_Village_Pack/materials/MI_wood_planks_03.uexp" 704
"C:/repo/veronika.kazikova/Maze/Maze/Content/Fantastic_Village_Pack/textures/T_metal_02_BC.ubulk" 705
"C:/repo/veronika.kazikova/Maze/Maze/Content/Fantastic_Village_Pack/textures/T_metal_02_BC.uasset" 706
"C:/repo/veronika.kazikova/Maze/Maze/Content/Fantastic_Village_Pack/textures/T_metal_02_BC.uexp" 707
"C:/repo/veronika.kazikova/Maze/Maze/Content/Fantastic_Village_Pack/textures/T_metal_01_N.ubulk" 708
"C:/repo/veronika.kazikova/Maze/Maze/Content/Fantastic_Village_Pack/textures/T_metal_01_N.uasset" 709
"C:/repo/veronika.kazikova/Maze/Maze/Content/Fantastic_Village_Pack/textures/T_metal_01_N.uexp" 710
"C:/repo/veronika.kazikova/Maze/Maze/Content/Fantastic_Village_Pack/materials/MI_metal_02.uasset" 711
"C:/repo/veronika.kazikova/Maze/Maze/Content/Fantastic_Village_Pack/materials/MI_metal_02.uexp" 712
"C:/repo/veronika.kazikova/Maze/Maze/Content/Fantastic_Village_Pack/meshes/props/container/SM_PROP_barrel_05.ubulk" 713
"C:/repo/veronika.kazikova/Maze/Maze/Content/Fantastic_Village_Pack/meshes/props/container/SM_PROP_barrel_05.uasset" 714
"C:/repo/veronika.kazikova/Maze/Maze/Content/Fantastic_Village_Pack/meshes/props/container/SM_PROP_barrel_05.uexp" 715
"C:/repo/veronika.kazikova/Maze/Maze/Content/Fantastic_Village_Pack/textures/T_wood_planks_02_BC.ubulk" 716
"C:/repo/veronika.kazikova/Maze/Maze/Content/Fantastic_Village_Pack/textures/T_wood_planks_02_BC.uasset" 717
"C:/repo/veronika.kazikova/Maze/Maze/Content/Fantastic_Village_Pack/textures/T_wood_planks_02_BC.uexp" 718
"C:/repo/veronika.kazikova/Maze/Maze/Content/Fantastic_Village_Pack/materials/MI_wood_planks_02.uasset" 719
"C:/repo/veronika.kazikova/Maze/Maze/Content/Fantastic_Village_Pack/materials/MI_wood_planks_02.uexp" 720
"C:/repo/veronika.kazikova/Maze/Maze/Content/Fantastic_Village_Pack/meshes/props/food/SM_PROP_crate_03.ubulk" 721
"C:/repo/veronika.kazikova/Maze/Maze/Content/Fantastic_Village_Pack/meshes/props/food/SM_PROP_crate_03.uasset" 722
"C:/repo/veronika.kazikova/Maze/Maze/Content/Fantastic_Village_Pack/meshes/props/food/SM_PROP_crate_03.uexp" 723
"C:/repo/veronika.kazikova/Maze/Maze/Content/Fantastic_Village_Pack/textures/T_wood_03_BC.ubulk" 724
"C:/repo/veronika.kazikova/Maze/Maze/Content/Fantastic_Village_Pack/textures/T_wood_03_BC.uasset" 725
"C:/repo/veronika.kazikova/Maze/Maze/Content/Fantastic_Village_Pack/textures/T_wood_03_BC.uexp" 726
"C:/repo/veronika.kazikova/Maze/Maze/Content/Fantastic_Village_Pack/textures/T_wood_03_N.ubulk" 727
"C:/repo/veronika.kazikova/Maze/Maze/Content/Fantastic_Village_Pack/textures/T_wood_03_N.uasset" 728
"C:/repo/veronika.kazikova/Maze/Maze/Content/Fantastic_Village_Pack/textures/T_wood_03_N.uexp" 729
"C:/repo/veronika.kazikova/Maze/Maze/Content/Fantastic_Village_Pack/materials/MI_wood_03.uasset" 730
"C:/repo/veronika.kazikova/Maze/Maze/Content/Fantastic_Village_Pack/materials/MI_wood_03.uexp" 731
"C:/repo/veronika.kazikova/Maze/Maze/Content/Fantastic_Village_Pack/meshes/props/food/SM_PROP_bowl_wood_05.ubulk" 732
"C:/repo/veronika.kazikova/Maze/Maze/Content/Fantastic_Village_Pack/meshes/props/food/SM_PROP_bowl_wood_05.uasset" 733
"C:/repo/veronika.kazikova/Maze/Maze/Content/Fantastic_Village_Pack/meshes/props/food/SM_PROP_bowl_wood_05.uexp" 734
"../../../Engine/Content/EngineSky/T_Sky_Stars.ubulk" 735
"../../../Engine/Content/EngineSky/T_Sky_Stars.uasset" 736
"../../../Engine/Content/EngineSky/T_Sky_Stars.uexp" 737
"../../../Engine/Content/EngineSky/T_Sky_Clouds_M.ubulk" 738
"../../../Engine/Content/EngineSky/T_Sky_Clouds_M.uasset" 739
"../../../Engine/Content/EngineSky/T_Sky_Clouds_M.uexp" 740
"../../../Engine/Content/EngineSky/T_Sky_Blue.ubulk" 741
"../../../Engine/Content/EngineSky/T_Sky_Blue.uasset" 742
"../../../Engine/Content/EngineSky/T_Sky_Blue.uexp" 743
"../../../Engine/Content/EngineSky/M_Sky_Panning_Clouds2.uasset" 744
"../../../Engine/Content/EngineSky/M_Sky_Panning_Clouds2.uexp" 745
"../../../Engine/Content/EngineSky/SM_SkySphere.ubulk" 746
"../../../Engine/Content/EngineSky/SM_SkySphere.uasset" 747
"../../../Engine/Content/EngineSky/SM_SkySphere.uexp" 748
"C:/repo/veronika.kazikova/Maze/Maze/Content/Fantastic_Village_Pack/meshes/props/food/SM_PROP_food_cheese_02.ubulk" 749
"C:/repo/veronika.kazikova/Maze/Maze/Content/Fantastic_Village_Pack/meshes/props/food/SM_PROP_food_cheese_02.uasset" 750
"C:/repo/veronika.kazikova/Maze/Maze/Content/Fantastic_Village_Pack/meshes/props/food/SM_PROP_food_cheese_02.uexp" 751
"C:/repo/veronika.kazikova/Maze/Maze/Content/Fantastic_Village_Pack/materials/MI_ember.uasset" 752
"C:/repo/veronika.kazikova/Maze/Maze/Content/Fantastic_Village_Pack/materials/MI_ember.uexp" 753
"C:/repo/veronika.kazikova/Maze/Maze/Content/Fantastic_Village_Pack/textures/T_chains.ubulk" 754
"C:/repo/veronika.kazikova/Maze/Maze/Content/Fantastic_Village_Pack/textures/T_chains.uasset" 755
"C:/repo/veronika.kazikova/Maze/Maze/Content/Fantastic_Village_Pack/textures/T_chains.uexp" 756
"C:/repo/veronika.kazikova/Maze/Maze/Content/Fantastic_Village_Pack/materials/MI_PROP_chains.uasset" 757
"C:/repo/veronika.kazikova/Maze/Maze/Content/Fantastic_Village_Pack/materials/MI_PROP_chains.uexp" 758
"C:/repo/veronika.kazikova/Maze/Maze/Content/Fantastic_Village_Pack/meshes/props/light/SM_PROP_brazier_04.ubulk" 759
"C:/repo/veronika.kazikova/Maze/Maze/Content/Fantastic_Village_Pack/meshes/props/light/SM_PROP_brazier_04.uasset" 760
"C:/repo/veronika.kazikova/Maze/Maze/Content/Fantastic_Village_Pack/meshes/props/light/SM_PROP_brazier_04.uexp" 761
"C:/repo/veronika.kazikova/Maze/Maze/Content/Fantastic_Village_Pack/blueprints/props/BP_PROP_brazier_04.uasset" 762
"C:/repo/veronika.kazikova/Maze/Maze/Content/Fantastic_Village_Pack/blueprints/props/BP_PROP_brazier_04.uexp" 763
"../../../Engine/Content/MapTemplates/SM_Template_Map_Floor.ubulk" 764
"../../../Engine/Content/MapTemplates/SM_Template_Map_Floor.uasset" 765
"../../../Engine/Content/MapTemplates/SM_Template_Map_Floor.uexp" 766
"C:/repo/veronika.kazikova/Maze/Maze/Content/MainMazeMap_BuiltData.ubulk" 767
"C:/repo/veronika.kazikova/Maze/Maze/Content/MainMazeMap_BuiltData.uasset" 768
"C:/repo/veronika.kazikova/Maze/Maze/Content/MainMazeMap_BuiltData.uexp" 769
"C:/repo/veronika.kazikova/Maze/Maze/Content/Fantastic_Village_Pack/textures/T_wood_planks_05_BC.ubulk" 770
"C:/repo/veronika.kazikova/Maze/Maze/Content/Fantastic_Village_Pack/textures/T_wood_planks_05_BC.uasset" 771
"C:/repo/veronika.kazikova/Maze/Maze/Content/Fantastic_Village_Pack/textures/T_wood_planks_05_BC.uexp" 772
"C:/repo/veronika.kazikova/Maze/Maze/Content/Fantastic_Village_Pack/textures/T_wood_planks_05_N.ubulk" 773
"C:/repo/veronika.kazikova/Maze/Maze/Content/Fantastic_Village_Pack/textures/T_wood_planks_05_N.uasset" 774
"C:/repo/veronika.kazikova/Maze/Maze/Content/Fantastic_Village_Pack/textures/T_wood_planks_05_N.uexp" 775
"C:/repo/veronika.kazikova/Maze/Maze/Content/Fantastic_Village_Pack/materials/MI_wood_planks_05.uasset" 776
"C:/repo/veronika.kazikova/Maze/Maze/Content/Fantastic_Village_Pack/materials/MI_wood_planks_05.uexp" 777
"C:/repo/veronika.kazikova/Maze/Maze/Content/Fantastic_Village_Pack/meshes/props/furniture/SM_PROP_table_04.ubulk" 778
"C:/repo/veronika.kazikova/Maze/Maze/Content/Fantastic_Village_Pack/meshes/props/furniture/SM_PROP_table_04.uasset" 779
"C:/repo/veronika.kazikova/Maze/Maze/Content/Fantastic_Village_Pack/meshes/props/furniture/SM_PROP_table_04.uexp" 780
"C:/repo/veronika.kazikova/Maze/Maze/Content/Fantastic_Village_Pack/meshes/props/food/SM_PROP_sack_08.ubulk" 781
"C:/repo/veronika.kazikova/Maze/Maze/Content/Fantastic_Village_Pack/meshes/props/food/SM_PROP_sack_08.uasset" 782
"C:/repo/veronika.kazikova/Maze/Maze/Content/Fantastic_Village_Pack/meshes/props/food/SM_PROP_sack_08.uexp" 783
"C:/repo/veronika.kazikova/Maze/Maze/Content/Fantastic_Village_Pack/meshes/props/food/SM_PROP_cookingpot_big.ubulk" 784
"C:/repo/veronika.kazikova/Maze/Maze/Content/Fantastic_Village_Pack/meshes/props/food/SM_PROP_cookingpot_big.uasset" 785
"C:/repo/veronika.kazikova/Maze/Maze/Content/Fantastic_Village_Pack/meshes/props/food/SM_PROP_cookingpot_big.uexp" 786
"C:/repo/veronika.kazikova/Maze/Maze/Content/Fantastic_Village_Pack/meshes/props/food/SM_PROP_crate_05.ubulk" 787
"C:/repo/veronika.kazikova/Maze/Maze/Content/Fantastic_Village_Pack/meshes/props/food/SM_PROP_crate_05.uasset" 788
"C:/repo/veronika.kazikova/Maze/Maze/Content/Fantastic_Village_Pack/meshes/props/food/SM_PROP_crate_05.uexp" 789
"C:/repo/veronika.kazikova/Maze/Maze/Content/Fantastic_Village_Pack/textures/T_metal_01_BC.ubulk" 790
"C:/repo/veronika.kazikova/Maze/Maze/Content/Fantastic_Village_Pack/textures/T_metal_01_BC.uasset" 791
"C:/repo/veronika.kazikova/Maze/Maze/Content/Fantastic_Village_Pack/textures/T_metal_01_BC.uexp" 792
"C:/repo/veronika.kazikova/Maze/Maze/Content/Fantastic_Village_Pack/materials/MI_metal_01.uasset" 793
"C:/repo/veronika.kazikova/Maze/Maze/Content/Fantastic_Village_Pack/materials/MI_metal_01.uexp" 794
"C:/repo/veronika.kazikova/Maze/Maze/Content/Fantastic_Village_Pack/textures/T_cloth_01_N.ubulk" 795
"C:/repo/veronika.kazikova/Maze/Maze/Content/Fantastic_Village_Pack/textures/T_cloth_01_N.uasset" 796
"C:/repo/veronika.kazikova/Maze/Maze/Content/Fantastic_Village_Pack/textures/T_cloth_01_N.uexp" 797
"C:/repo/veronika.kazikova/Maze/Maze/Content/Fantastic_Village_Pack/textures/T_cloth_01_BC.ubulk" 798
"C:/repo/veronika.kazikova/Maze/Maze/Content/Fantastic_Village_Pack/textures/T_cloth_01_BC.uasset" 799
"C:/repo/veronika.kazikova/Maze/Maze/Content/Fantastic_Village_Pack/textures/T_cloth_01_BC.uexp" 800
"C:/repo/veronika.kazikova/Maze/Maze/Content/Fantastic_Village_Pack/materials/MI_cloth_01.uasset" 801
"C:/repo/veronika.kazikova/Maze/Maze/Content/Fantastic_Village_Pack/materials/MI_cloth_01.uexp" 802
"C:/repo/veronika.kazikova/Maze/Maze/Content/Fantastic_Village_Pack/meshes/props/food/SM_PROP_sack_10.ubulk" 803
"C:/repo/veronika.kazikova/Maze/Maze/Content/Fantastic_Village_Pack/meshes/props/food/SM_PROP_sack_10.uasset" 804
"C:/repo/veronika.kazikova/Maze/Maze/Content/Fantastic_Village_Pack/meshes/props/food/SM_PROP_sack_10.uexp" 805
"C:/repo/veronika.kazikova/Maze/Maze/Content/Fantastic_Village_Pack/meshes/props/food/SM_PROP_sack_11.ubulk" 806
"C:/repo/veronika.kazikova/Maze/Maze/Content/Fantastic_Village_Pack/meshes/props/food/SM_PROP_sack_11.uasset" 807
"C:/repo/veronika.kazikova/Maze/Maze/Content/Fantastic_Village_Pack/meshes/props/food/SM_PROP_sack_11.uexp" 808
"../../../Engine/Content/EngineSky/M_SimpleSkyDome.uasset" 809
"../../../Engine/Content/EngineSky/M_SimpleSkyDome.uexp" 810
"C:/repo/veronika.kazikova/Maze/Maze/Content/Fantastic_Village_Pack/meshes/props/food/SM_PROP_food_apple.ubulk" 811
"C:/repo/veronika.kazikova/Maze/Maze/Content/Fantastic_Village_Pack/meshes/props/food/SM_PROP_food_apple.uasset" 812
"C:/repo/veronika.kazikova/Maze/Maze/Content/Fantastic_Village_Pack/meshes/props/food/SM_PROP_food_apple.uexp" 813
"C:/repo/veronika.kazikova/Maze/Maze/Content/FantasyOrchestral/audio/Land_of_Mystery.ubulk" 814
"C:/repo/veronika.kazikova/Maze/Maze/Content/FantasyOrchestral/audio/Land_of_Mystery.uasset" 815
"C:/repo/veronika.kazikova/Maze/Maze/Content/FantasyOrchestral/audio/Land_of_Mystery.uexp" 816
"C:/repo/veronika.kazikova/Maze/Maze/Content/FantasyOrchestral/cues/LandOfMystery.uasset" 817
"C:/repo/veronika.kazikova/Maze/Maze/Content/FantasyOrchestral/cues/LandOfMystery.uexp" 818
"C:/repo/veronika.kazikova/Maze/Maze/Content/MainMazeMap.uexp" 819
"C:/repo/veronika.kazikova/Maze/Maze/Content/MainMazeMap.umap" 820
